<?xml version="1.0" encoding="UTF-8"?>
<!-- Generated by org.testng.reporters.JUnitReportReporter -->
<testsuite hostname="srijans-MacBook-Pro-103.local" name="com.Ezcontent.Automation.LoginPage" tests="1" failures="0" timestamp="21 Apr 2020 07:17:08 GMT" time="0.000" errors="1">
  <testcase name="loginPage" time="0.000" classname="com.Ezcontent.Automation.LoginPage">
    <error type="java.lang.NoClassDefFoundError" message="org/apache/commons/compress/archivers/ArchiveInputStream">
      <![CDATA[java.lang.NoClassDefFoundError: org/apache/commons/compress/archivers/ArchiveInputStream
	at org.rauschig.jarchivelib.ArchiverFactory.createArchiver(ArchiverFactory.java:97)
	at io.github.bonigarcia.wdm.Downloader.unTarGz(Downloader.java:275)
	at io.github.bonigarcia.wdm.Downloader.extract(Downloader.java:188)
	at io.github.bonigarcia.wdm.Downloader.downloadAndExtract(Downloader.java:138)
	at io.github.bonigarcia.wdm.Downloader.download(Downloader.java:81)
	at io.github.bonigarcia.wdm.WebDriverManager.downloadCandidateUrls(WebDriverManager.java:723)
	at io.github.bonigarcia.wdm.WebDriverManager.manage(WebDriverManager.java:536)
	at io.github.bonigarcia.wdm.WebDriverManager.setup(WebDriverManager.java:260)
	at Base.BaseClass.beforeSuite(BaseClass.java:19)
	at com.Ezcontent.Automation.SetupSuite.beforeSuite(SetupSuite.java:20)
	at sun.reflect.NativeMethodAccessorImpl.invoke0(Native Method)
	at sun.reflect.NativeMethodAccessorImpl.invoke(NativeMethodAccessorImpl.java:62)
	at sun.reflect.DelegatingMethodAccessorImpl.invoke(DelegatingMethodAccessorImpl.java:43)
	at java.lang.reflect.Method.invoke(Method.java:498)
	at org.testng.internal.MethodInvocationHelper.invokeMethod(MethodInvocationHelper.java:86)
	at org.testng.internal.Invoker.invokeConfigurationMethod(Invoker.java:514)
	at org.testng.internal.Invoker.invokeConfigurations(Invoker.java:215)
	at org.testng.internal.Invoker.invokeConfigurations(Invoker.java:142)
	at org.testng.SuiteRunner.privateRun(SuiteRunner.java:305)
	at org.testng.SuiteRunner.run(SuiteRunner.java:268)
	at org.testng.SuiteRunnerWorker.runSuite(SuiteRunnerWorker.java:52)
	at org.testng.SuiteRunnerWorker.run(SuiteRunnerWorker.java:86)
	at org.testng.TestNG.runSuitesSequentially(TestNG.java:1244)
	at org.testng.TestNG.runSuitesLocally(TestNG.java:1169)
	at org.testng.TestNG.run(TestNG.java:1064)
	at org.testng.remote.RemoteTestNG.run(RemoteTestNG.java:113)
	at org.testng.remote.RemoteTestNG.initAndRun(RemoteTestNG.java:206)
	at org.testng.remote.RemoteTestNG.main(RemoteTestNG.java:177)
Caused by: java.lang.ClassNotFoundException: org.apache.commons.compress.archivers.ArchiveInputStream
	at java.net.URLClassLoader.findClass(URLClassLoader.java:381)
	at java.lang.ClassLoader.loadClass(ClassLoader.java:424)
	at sun.misc.Launcher$AppClassLoader.loadClass(Launcher.java:349)
	at java.lang.ClassLoader.loadClass(ClassLoader.java:357)
	... 28 more
]]>
    </error>
  </testcase> <!-- loginPage -->
</testsuite> <!-- com.Ezcontent.Automation.LoginPage -->
